app/build/intermediates/manifest_merge_blame_file/debug/manifest-merger-blame-debug-report.txt
1<?xml version="1.0" encoding="utf-8"?>
2<manifest xmlns:android="http://schemas.android.com/apk/res/android"
3    package="com.ganapthi.autoprofiler"
4    android:versionCode="1"
5    android:versionName="1.0" >
6
7    <uses-sdk
8        android:minSdkVersion="21"
8-->src/main/AndroidManifest.xml
9        android:targetSdkVersion="29" />
9-->src/main/AndroidManifest.xml
10
11    <uses-permission android:name="android.permission.ACCESS_NETWORK_STATE" />
11-->src/main/AndroidManifest.xml:7:5-79
11-->src/main/AndroidManifest.xml:7:22-76
12    <uses-permission android:name="android.permission.WRITE_EXTERNAL_STORAGE" />
12-->src/main/AndroidManifest.xml:8:5-81
12-->src/main/AndroidManifest.xml:8:22-78
13    <uses-permission android:name="com.google.android.providers.gsf.permission.READ_GSERVICES" />
13-->src/main/AndroidManifest.xml:9:5-98
13-->src/main/AndroidManifest.xml:9:22-95
14    <uses-permission android:name="com.nightowl.profiler.permission.MAPS_RECEIVE" />
14-->src/main/AndroidManifest.xml:10:5-85
14-->src/main/AndroidManifest.xml:10:22-82
15    <uses-permission android:name="android.permission.ACCESS_FINE_LOCATION" />
15-->src/main/AndroidManifest.xml:11:5-79
15-->src/main/AndroidManifest.xml:11:22-76
16    <uses-permission android:name="android.permission.INTERNET" />
16-->src/main/AndroidManifest.xml:12:5-67
16-->src/main/AndroidManifest.xml:12:22-64
17    <uses-permission android:name="android.permission.ACCESS_MOCK_LOCATION" />
17-->src/main/AndroidManifest.xml:13:5-78
17-->src/main/AndroidManifest.xml:13:22-76
18    <uses-permission android:name="android.permission.ACCESS_COARSE_LOCATION" />
18-->src/main/AndroidManifest.xml:14:5-80
18-->src/main/AndroidManifest.xml:14:22-78
19
20    <permission
20-->src/main/AndroidManifest.xml:16:5-19:18
21        android:name="com.ganapthi.autoprofiler.permission.MAPS_RECEIVE"
21-->src/main/AndroidManifest.xml:17:9-73
22        android:protectionLevel="signature" >
22-->src/main/AndroidManifest.xml:18:9-44
23    </permission>
24
25    <uses-feature
25-->[com.google.android.gms:play-services-maps:17.0.0] AndroidManifest.xml:26:5-28:35
26        android:glEsVersion="0x00020000"
26-->[com.google.android.gms:play-services-maps:17.0.0] AndroidManifest.xml:27:9-41
27        android:required="true" />
27-->[com.google.android.gms:play-services-maps:17.0.0] AndroidManifest.xml:28:9-32
28
29    <application
29-->src/main/AndroidManifest.xml:21:5-75:19
30        android:appComponentFactory="androidx.core.app.CoreComponentFactory"
30-->[androidx.core:core:1.0.0] AndroidManifest.xml:22:18-86
31        android:debuggable="true"
32        android:icon="@drawable/ic_launcher"
32-->src/main/AndroidManifest.xml:22:9-45
33        android:label="@string/app_name" >
33-->src/main/AndroidManifest.xml:23:9-41
34        <activity
34-->src/main/AndroidManifest.xml:24:9-32:20
35            android:name="com.ganapthi.autoprofiler.MapsActivity"
35-->src/main/AndroidManifest.xml:25:13-66
36            android:label="@string/app_name" >
36-->src/main/AndroidManifest.xml:26:13-45
37            <intent-filter>
37-->src/main/AndroidManifest.xml:27:13-31:29
38                <action android:name="android.intent.action.MAPSACTIVITY" />
38-->src/main/AndroidManifest.xml:28:17-77
38-->src/main/AndroidManifest.xml:28:25-74
39
40                <category android:name="android.intent.category.DEFAULT" />
40-->src/main/AndroidManifest.xml:30:17-76
40-->src/main/AndroidManifest.xml:30:27-73
41            </intent-filter>
42        </activity>
43        <activity
43-->src/main/AndroidManifest.xml:33:9-41:20
44            android:name="com.ganapthi.autoprofiler.AndroidGPSTrackingActivity"
44-->src/main/AndroidManifest.xml:34:13-80
45            android:label="@string/app_name" >
45-->src/main/AndroidManifest.xml:35:13-45
46            <intent-filter>
46-->src/main/AndroidManifest.xml:36:13-40:29
47                <action android:name="android.intent.action.ANDROIDGPSTRACKINGACTIVITY" />
47-->src/main/AndroidManifest.xml:37:17-91
47-->src/main/AndroidManifest.xml:37:25-88
48
49                <category android:name="android.intent.category.DEFAULT" />
49-->src/main/AndroidManifest.xml:30:17-76
49-->src/main/AndroidManifest.xml:30:27-73
50            </intent-filter>
51        </activity>
52
53        <meta-data
53-->src/main/AndroidManifest.xml:43:9-45:71
54            android:name="com.google.android.maps.v2.API_KEY"
54-->src/main/AndroidManifest.xml:44:13-62
55            android:value="AIzaSyAkN6Vzd6_sEsKfg3KrYFwcOkaHOEiKoww" />
55-->src/main/AndroidManifest.xml:45:13-68
56        <meta-data
56-->src/main/AndroidManifest.xml:47:9-50:21
57            android:name="com.google.android.gms.version"
57-->src/main/AndroidManifest.xml:48:13-58
58            android:value="@integer/google_play_services_version" >
58-->src/main/AndroidManifest.xml:49:13-66
59        </meta-data>
60
61        <activity
61-->src/main/AndroidManifest.xml:54:9-62:20
62            android:name="com.ganapthi.autoprofiler.ProfileList"
62-->src/main/AndroidManifest.xml:55:13-65
63            android:label="@string/title_activity_profile_list"
63-->src/main/AndroidManifest.xml:56:13-64
64            android:noHistory="true" >
64-->src/main/AndroidManifest.xml:57:13-37
65            <intent-filter>
65-->src/main/AndroidManifest.xml:58:14-61:29
66                <action android:name="android.intent.action.MAIN" />
66-->src/main/AndroidManifest.xml:59:17-69
66-->src/main/AndroidManifest.xml:59:25-66
67
68                <category android:name="android.intent.category.LAUNCHER" />
68-->src/main/AndroidManifest.xml:60:17-77
68-->src/main/AndroidManifest.xml:60:27-74
69            </intent-filter>
70        </activity>
71
72        <service
72-->src/main/AndroidManifest.xml:64:9-68:19
73            android:name="com.ganapthi.autoprofiler.LocationService"
73-->src/main/AndroidManifest.xml:64:41-97
74            android:enabled="true" >
74-->src/main/AndroidManifest.xml:64:18-40
75            <intent-filter>
75-->src/main/AndroidManifest.xml:65:13-67:29
76                <action android:name="com.nightowl.profiler.intent.action.SERVICE" />
76-->src/main/AndroidManifest.xml:66:17-86
76-->src/main/AndroidManifest.xml:66:25-83
77            </intent-filter>
78        </service>
79        <service
79-->src/main/AndroidManifest.xml:70:9-103
80            android:name="com.ganapthi.autoprofiler.GPSTracker"
80-->src/main/AndroidManifest.xml:70:18-69
81            android:enabled="true" />
81-->src/main/AndroidManifest.xml:70:70-92
82
83        <!--
84        <receiver android:name="com.nightowl.profiler.ProximityDetector" android:enabled="true">
85        </receiver>
86        -->
87
88
89        <!-- Needs to be explicitly declared on P+ -->
90        <uses-library
90-->[com.google.android.gms:play-services-maps:17.0.0] AndroidManifest.xml:33:9-35:40
91            android:name="org.apache.http.legacy"
91-->[com.google.android.gms:play-services-maps:17.0.0] AndroidManifest.xml:34:13-50
92            android:required="false" />
92-->[com.google.android.gms:play-services-maps:17.0.0] AndroidManifest.xml:35:13-37
93
94        <activity
94-->[com.google.android.gms:play-services-base:17.0.0] AndroidManifest.xml:23:9-26:75
95            android:name="com.google.android.gms.common.api.GoogleApiActivity"
95-->[com.google.android.gms:play-services-base:17.0.0] AndroidManifest.xml:24:13-79
96            android:exported="false"
96-->[com.google.android.gms:play-services-base:17.0.0] AndroidManifest.xml:25:13-37
97            android:theme="@android:style/Theme.Translucent.NoTitleBar" />
97-->[com.google.android.gms:play-services-base:17.0.0] AndroidManifest.xml:26:13-72
98    </application>
99
100</manifest>